<?xml version="1.0" encoding="UTF-8"?>
<testng-results ignored="0" total="1" passed="1" failed="0" skipped="0">
  <reporter-output>
  </reporter-output>
  <suite started-at="2019-07-24T18:17:06Z" name="Suite" finished-at="2019-07-24T18:17:18Z" duration-ms="11229">
    <groups>
    </groups>
    <test started-at="2019-07-24T18:17:06Z" name="Test" finished-at="2019-07-24T18:17:18Z" duration-ms="11229">
      <class name="org.dbs.bank.app.NewTest">
        <test-method signature="f()[pri:0, instance:org.dbs.bank.app.NewTest@6b09fb41]" started-at="2019-07-24T18:17:06Z" name="f" finished-at="2019-07-24T18:17:18Z" duration-ms="11210" status="PASS">
          <reporter-output>
          </reporter-output>
        </test-method> <!-- f -->
      </class> <!-- org.dbs.bank.app.NewTest -->
    </test> <!-- Test -->
  </suite> <!-- Suite -->
</testng-results>
